c:\users\diane\source\repos\painterimgui\debug\vc143.pdb
c:\users\diane\source\repos\painterimgui\debug\vc143.idb
c:\users\diane\source\repos\painterimgui\debug\main.obj
c:\users\diane\source\repos\painterimgui\debug\painterimgui.exe
c:\users\diane\source\repos\painterimgui\debug\painterimgui.ilk
c:\users\diane\source\repos\painterimgui\debug\painterimgui.pdb
c:\users\diane\source\repos\painterimgui\debug\sfml-graphics-d-2.dll
c:\users\diane\source\repos\painterimgui\debug\sfml-window-d-2.dll
c:\users\diane\source\repos\painterimgui\debug\sfml-system-d-2.dll
c:\users\diane\source\repos\painterimgui\debug\freetyped.dll
c:\users\diane\source\repos\painterimgui\debug\zlibd1.dll
c:\users\diane\source\repos\painterimgui\debug\bz2d.dll
c:\users\diane\source\repos\painterimgui\debug\libpng16d.dll
c:\users\diane\source\repos\painterimgui\debug\brotlidec.dll
c:\users\diane\source\repos\painterimgui\debug\brotlicommon.dll
c:\users\diane\source\repos\painterimgui\debug\painterimgui.tlog\cl.command.1.tlog
c:\users\diane\source\repos\painterimgui\debug\painterimgui.tlog\cl.read.1.tlog
c:\users\diane\source\repos\painterimgui\debug\painterimgui.tlog\cl.write.1.tlog
c:\users\diane\source\repos\painterimgui\debug\painterimgui.tlog\link.command.1.tlog
c:\users\diane\source\repos\painterimgui\debug\painterimgui.tlog\link.read.1.tlog
c:\users\diane\source\repos\painterimgui\debug\painterimgui.tlog\link.write.1.tlog
c:\users\diane\source\repos\painterimgui\debug\painterimgui.tlog\painterimgui.write.1u.tlog
